<?xml version="1.0" encoding="UTF-8"?>
<testsuite xmlns:xsi="http://www.w3.org/2001/XMLSchema-instance" xsi:noNamespaceSchemaLocation="https://maven.apache.org/surefire/maven-surefire-plugin/xsd/surefire-test-report.xsd" name="discreteBehaviorSimulator.LogFormatterTest" time="0.01" tests="6" errors="0" skipped="0" failures="0">
  <properties/>
  <testcase name="testFormatWithNullLogRecord" classname="discreteBehaviorSimulator.LogFormatterTest" time="0"/>
  <testcase name="testGetTailWithNullHandler" classname="discreteBehaviorSimulator.LogFormatterTest" time="0"/>
  <testcase name="testFormatCorrect" classname="discreteBehaviorSimulator.LogFormatterTest" time="0.008"/>
  <testcase name="testGetHeadEmptyString" classname="discreteBehaviorSimulator.LogFormatterTest" time="0"/>
  <testcase name="testGetTailEmptySring" classname="discreteBehaviorSimulator.LogFormatterTest" time="0"/>
  <testcase name="testGetHeadWithNullHandler" classname="discreteBehaviorSimulator.LogFormatterTest" time="0"/>
</testsuite>