<?xml version="1.0" encoding="UTF-8"?>
<testsuite xmlns:xsi="http://www.w3.org/2001/XMLSchema-instance" xsi:noNamespaceSchemaLocation="https://maven.apache.org/surefire/maven-surefire-plugin/xsd/surefire-test-report.xsd" name="discreteBehaviorSimulator.ClockTest" time="0.009" tests="7" errors="0" skipped="0" failures="0">
  <properties/>
  <testcase name="testAddNullObserver" classname="discreteBehaviorSimulator.ClockTest" time="0.001"/>
  <testcase name="testSetNextJump" classname="discreteBehaviorSimulator.ClockTest" time="0"/>
  <testcase name="testAddObserver" classname="discreteBehaviorSimulator.ClockTest" time="0"/>
  <testcase name="testSetAndGetVirtual" classname="discreteBehaviorSimulator.ClockTest" time="0.001"/>
  <testcase name="testSingleton" classname="discreteBehaviorSimulator.ClockTest" time="0.001"/>
  <testcase name="testRemoveNullObserver" classname="discreteBehaviorSimulator.ClockTest" time="0.001"/>
  <testcase name="testRemoveObserver" classname="discreteBehaviorSimulator.ClockTest" time="0"/>
</testsuite>