<?xml version="1.0" encoding="UTF-8"?>
<testsuite xmlns:xsi="http://www.w3.org/2001/XMLSchema-instance" xsi:noNamespaceSchemaLocation="https://maven.apache.org/surefire/maven-surefire-plugin/xsd/surefire-test-report.xsd" name="timer.TimeBoundedTimerTest" time="0.003" tests="4" errors="0" skipped="0" failures="1">
  <properties/>
  <testcase name="testHasNextFinished" classname="timer.TimeBoundedTimerTest" time="0.002">
    <failure message="expected: &lt;false&gt; but was: &lt;true&gt;" type="org.opentest4j.AssertionFailedError"><![CDATA[org.opentest4j.AssertionFailedError: expected: <false> but was: <true>
	at timer.TimeBoundedTimerTest.testHasNextFinished(TimeBoundedTimerTest.java:35)
]]></failure>
  </testcase>
  <testcase name="testNextFinished" classname="timer.TimeBoundedTimerTest" time="0"/>
  <testcase name="testNextNotFinished" classname="timer.TimeBoundedTimerTest" time="0"/>
  <testcase name="testHasNextNotFinished" classname="timer.TimeBoundedTimerTest" time="0"/>
</testsuite>