<?xml version="1.0" encoding="UTF-8"?>
<testsuite xmlns:xsi="http://www.w3.org/2001/XMLSchema-instance" xsi:noNamespaceSchemaLocation="https://maven.apache.org/surefire/maven-surefire-plugin/xsd/surefire-test-report.xsd" name="discreteBehaviorSimulator.ClockTest" time="0.01" tests="7" errors="0" skipped="0" failures="2">
  <properties/>
  <testcase name="testAddNullObserver" classname="discreteBehaviorSimulator.ClockTest" time="0.001">
    <failure message="Expected addObserver(null) to throw NullPointerException, but it didn&apos;t ==&gt; Expected java.lang.NullPointerException to be thrown, but nothing was thrown." type="org.opentest4j.AssertionFailedError">org.opentest4j.AssertionFailedError: Expected addObserver(null) to throw NullPointerException, but it didn't ==> Expected java.lang.NullPointerException to be thrown, but nothing was thrown.
	at discreteBehaviorSimulator.ClockTest.testAddNullObserver(ClockTest.java:99)
</failure>
  </testcase>
  <testcase name="testSetNextJump" classname="discreteBehaviorSimulator.ClockTest" time="0.001"/>
  <testcase name="testAddObserver" classname="discreteBehaviorSimulator.ClockTest" time="0"/>
  <testcase name="testSetAndGetVirtual" classname="discreteBehaviorSimulator.ClockTest" time="0.001"/>
  <testcase name="testSingleton" classname="discreteBehaviorSimulator.ClockTest" time="0.001"/>
  <testcase name="testRemoveNullObserver" classname="discreteBehaviorSimulator.ClockTest" time="0.001">
    <failure message="Expected removeObserver(null) to throw NullPointerException, but it didn&apos;t ==&gt; Expected java.lang.NullPointerException to be thrown, but nothing was thrown." type="org.opentest4j.AssertionFailedError">org.opentest4j.AssertionFailedError: Expected removeObserver(null) to throw NullPointerException, but it didn't ==> Expected java.lang.NullPointerException to be thrown, but nothing was thrown.
	at discreteBehaviorSimulator.ClockTest.testRemoveNullObserver(ClockTest.java:109)
</failure>
  </testcase>
  <testcase name="testRemoveObserver" classname="discreteBehaviorSimulator.ClockTest" time="0"/>
</testsuite>