<?xml version="1.0" encoding="UTF-8"?>
<testsuite xmlns:xsi="http://www.w3.org/2001/XMLSchema-instance" xsi:noNamespaceSchemaLocation="https://maven.apache.org/surefire/maven-surefire-plugin/xsd/surefire-test-report.xsd" name="timer.MergedTimerTest" time="0.004" tests="8" errors="0" skipped="0" failures="0">
  <properties/>
  <testcase name="testHasNextSecondNoNext" classname="timer.MergedTimerTest" time="0.002"/>
  <testcase name="testHasNextFirstNoNext" classname="timer.MergedTimerTest" time="0"/>
  <testcase name="testNextNotFinished" classname="timer.MergedTimerTest" time="0"/>
  <testcase name="testNextFirstEmpty" classname="timer.MergedTimerTest" time="0.001"/>
  <testcase name="testNextBothEmpty" classname="timer.MergedTimerTest" time="0"/>
  <testcase name="testNextSecondEmpty" classname="timer.MergedTimerTest" time="0"/>
  <testcase name="testHasNextBothNoNext" classname="timer.MergedTimerTest" time="0"/>
  <testcase name="testHasNextBothNext" classname="timer.MergedTimerTest" time="0.001"/>
</testsuite>