<?xml version="1.0" encoding="UTF-8"?>
<testsuite xmlns:xsi="http://www.w3.org/2001/XMLSchema-instance" xsi:noNamespaceSchemaLocation="https://maven.apache.org/surefire/maven-surefire-plugin/xsd/surefire-test-report.xsd" name="action.DiscreteActionDependentTest" time="0.014" tests="2" errors="0" skipped="0" failures="1">
  <properties/>
  <testcase name="testNextChangesState" classname="action.DiscreteActionDependentTest" time="0.008">
    <failure message="L&apos;objet devrait être différent après next expected not same" type="java.lang.AssertionError">java.lang.AssertionError: L'objet devrait être différent après next expected not same
	at action.DiscreteActionDependentTest.testNextChangesState(DiscreteActionDependentTest.java:58)
</failure>
  </testcase>
  <testcase name="testAddDependence" classname="action.DiscreteActionDependentTest" time="0.001"/>
</testsuite>