<?xml version="1.0" encoding="UTF-8"?>
<testsuite xmlns:xsi="http://www.w3.org/2001/XMLSchema-instance" xsi:noNamespaceSchemaLocation="https://maven.apache.org/surefire/maven-surefire-plugin/xsd/surefire-test-report.xsd" name="discreteBehaviorSimulator.DiscreteActionSimulatorTest" time="1.768" tests="10" errors="0" skipped="0" failures="0">
  <properties/>
  <testcase name="testToStringWithActionsReturnsStringContainingActionsState" classname="discreteBehaviorSimulator.DiscreteActionSimulatorTest" time="0.49"/>
  <testcase name="setNbLoopSetsNegativeNumberOfLoopsAndStepToMinusOne" classname="discreteBehaviorSimulator.DiscreteActionSimulatorTest" time="0.001"/>
  <testcase name="testToStringWithEmptyActionsListReturnsStringIndicatingNoActions" classname="discreteBehaviorSimulator.DiscreteActionSimulatorTest" time="0.001"/>
  <testcase name="testRunSimulationInfinitelyRunsUntilManuallyStopped" classname="discreteBehaviorSimulator.DiscreteActionSimulatorTest" time="1.026"/>
  <testcase name="testSetNbLoopSetsZeroNumberOfLoopsAndStepToMinusOne" classname="discreteBehaviorSimulator.DiscreteActionSimulatorTest" time="0.005"/>
  <testcase name="testStartSimulationSetsRunningToTrue" classname="discreteBehaviorSimulator.DiscreteActionSimulatorTest" time="0.005"/>
  <testcase name="testSetNbLoopSetsPositiveNumberOfLoopsAndStepToOne" classname="discreteBehaviorSimulator.DiscreteActionSimulatorTest" time="0.007"/>
  <testcase name="testSetMinimumIntegerValueForLoopsSetsNbLoopToZeroAndStepToMinusOne" classname="discreteBehaviorSimulator.DiscreteActionSimulatorTest" time="0.008"/>
  <testcase name="testRunSimulationWithEmptyActionsListExecutesNoActionsAndStops" classname="discreteBehaviorSimulator.DiscreteActionSimulatorTest" time="0.107"/>
  <testcase name="testStopSimulationSetsRunningToFalse" classname="discreteBehaviorSimulator.DiscreteActionSimulatorTest" time="0.109"/>
</testsuite>