<?xml version="1.0" encoding="UTF-8"?>
<testsuite xmlns:xsi="http://www.w3.org/2001/XMLSchema-instance" xsi:noNamespaceSchemaLocation="https://maven.apache.org/surefire/maven-surefire-plugin/xsd/surefire-test-report.xsd" name="action.DiscreteActionTest" time="0.031" tests="5" errors="0" skipped="0" failures="0">
  <properties/>
  <testcase name="testDiscreteActionConstructor" classname="action.DiscreteActionTest" time="0.001"/>
  <testcase name="testCompareToWithNullCurrentLapsTime" classname="action.DiscreteActionTest" time="0.007"/>
  <testcase name="testSpendTime" classname="action.DiscreteActionTest" time="0.02"/>
  <testcase name="testNextMethodUpdatesLapsTime" classname="action.DiscreteActionTest" time="0.001"/>
  <testcase name="testCompareToWithBothLapsTimeNull" classname="action.DiscreteActionTest" time="0.001"/>
</testsuite>